<?xml version="1.0" encoding="UTF-8"?>
<robot generator="Robot 5.0a1 (Python 3.7.5 on win32)" generated="20220321 12:06:38.737" rpa="false" schemaversion="3">
<suite id="s1" name="Robot Interactive Console" source="c:\Users\User\.vscode\extensions\robocorp.robotframework-lsp-0.42.0\src\robotframework_ls\vendored\robotframework_interactive\robot_interactive_console.robot">
<test id="s1-t1" name="Default Task/Test">
<kw name="Interpreter Main Loop" library="MainLoop">
<status status="PASS" starttime="20220321 12:06:38.841" endtime="20220321 12:07:03.624"/>
</kw>
<status status="PASS" starttime="20220321 12:06:38.840" endtime="20220321 12:07:03.627"/>
</test>
<status status="PASS" starttime="20220321 12:06:38.742" endtime="20220321 12:07:03.633"/>
</suite>
<statistics>
<total>
<stat pass="1" fail="0" skip="0">All Tests</stat>
</total>
<tag>
</tag>
<suite>
<stat pass="1" fail="0" skip="0" id="s1" name="Robot Interactive Console">Robot Interactive Console</stat>
</suite>
</statistics>
<errors>
</errors>
</robot>
